<?xml version="1.0" encoding="UTF-8"?>
<testng-results ignored="1" total="2" passed="1" failed="0" skipped="0">
  <reporter-output>
  </reporter-output>
  <suite started-at="2022-12-07T14:36:01 IST" name="Default suite" finished-at="2022-12-07T14:36:55 IST" duration-ms="53830">
    <groups>
    </groups>
    <test started-at="2022-12-07T14:36:01 IST" name="Default test" finished-at="2022-12-07T14:36:55 IST" duration-ms="53830">
      <class name="hybrid_apps.demo_2">
        <test-method is-config="true" signature="bt()[pri:0, instance:hybrid_apps.demo_2@b9b00e0]" started-at="2022-12-07T14:36:01 IST" name="bt" finished-at="2022-12-07T14:36:14 IST" duration-ms="13231" status="PASS">
          <reporter-output>
          </reporter-output>
        </test-method> <!-- bt -->
        <test-method signature="positive_case()[pri:0, instance:hybrid_apps.demo_2@b9b00e0]" started-at="2022-12-07T14:36:14 IST" name="positive_case" finished-at="2022-12-07T14:36:55 IST" duration-ms="40424" status="PASS">
          <reporter-output>
          </reporter-output>
        </test-method> <!-- positive_case -->
      </class> <!-- hybrid_apps.demo_2 -->
    </test> <!-- Default test -->
  </suite> <!-- Default suite -->
</testng-results>
